<?xml version="1.0" encoding="UTF-8"?>
<testsuite xmlns:xsi="http://www.w3.org/2001/XMLSchema-instance" xsi:noNamespaceSchemaLocation="https://maven.apache.org/surefire/maven-surefire-plugin/xsd/surefire-test-report-3.0.xsd" version="3.0" name="com.reedmanit.restaurantbill.service.BillCalculationServiceTest" time="0.341" tests="4" errors="0" skipped="0" failures="0">
  <properties>
[...]
</properties>
  <testcase name="testCalculateTheBillThirdTest" classname="com.reedmanit.restaurantbill.service.BillCalculationServiceTest" time="0.295">
    <system-out><![CDATA[calculateTheBillThirdTest
]]></system-out>
  </testcase>
  <testcase name="testCalculateTheBillFirstTest" classname="com.reedmanit.restaurantbill.service.BillCalculationServiceTest" time="0.007">
    <system-out><![CDATA[calculateTheBillFirstTest
]]></system-out>
  </testcase>
  <testcase name="testCalculateTheBillSecondTest" classname="com.reedmanit.restaurantbill.service.BillCalculationServiceTest" time="0.005">
    <system-out><![CDATA[calculateTheBillSecondTest
]]></system-out>
  </testcase>
  <testcase name="testCalculateTheBillFourthTest" classname="com.reedmanit.restaurantbill.service.BillCalculationServiceTest" time="0.006">
    <system-out><![CDATA[calculateTheBillFourthTest
]]></system-out>
  </testcase>
</testsuite>